<?xml version="1.0" encoding="UTF-8"?>
<!-- Generated by org.testng.reporters.JUnitReportReporter -->
<testsuite hostname="tata" failures="0" tests="1" name="com.compaasreg.testcases.MainDriver$YourTestClass" time="102.979" errors="0" timestamp="2024-04-26T11:31:40 IST" skipped="0">
  <testcase classname="com.compaasreg.testcases.MainDriver$YourTestClass" name="azureCloudAddition" time="102.979"/>
  <system-out/>
</testsuite> <!-- com.compaasreg.testcases.MainDriver$YourTestClass -->
